# JRE version: OpenJDK Runtime Environment Temurin-17.0.14+7 (17.0.14+7) (build 17.0.14+7)
# Java VM: OpenJDK 64-Bit Server VM Temurin-17.0.14+7 (17.0.14+7, mixed mode, tiered, compressed oops, compressed class ptrs, g1 gc, windows-amd64)
GC Precious Log:
 CPUs: 8 total, 8 available
 Memory: 7926M
 Large Page Support: Disabled
 NUMA Support: Disabled
 Compressed Oops: Enabled (32-bit)
 Heap Region Size: 1M
 Heap Min Capacity: 8M
 Heap Initial Capacity: 124M
 Heap Max Capacity: 2G
 Pre-touch: Disabled
 Parallel Workers: 8
 Concurrent Workers: 2
 Concurrent Refinement Workers: 8
 Periodic GC: Disabled
Heap:
 garbage-first heap   total 114688K, used 78531K [0x0000000080000000, 0x0000000100000000)
  region size 1024K, 48 young (49152K), 6 survivors (6144K)
 Metaspace       used 54496K, committed 55168K, reserved 1114112K
  class space    used 6431K, committed 6784K, reserved 1048576K
GC Heap History (20 events):
Event: 3.346 GC heap before
{Heap before GC invocations=3 (full 0):
 garbage-first heap   total 126976K, used 35288K [0x0000000080000000, 0x0000000100000000)
  region size 1024K, 21 young (21504K), 5 survivors (5120K)
 Metaspace       used 21383K, committed 21504K, reserved 1114112K
  class space    used 2243K, committed 2304K, reserved 1048576K
}
Event: 3.359 GC heap after
{Heap after GC invocations=4 (full 0):
 garbage-first heap   total 126976K, used 21460K [0x0000000080000000, 0x0000000100000000)
  region size 1024K, 5 young (5120K), 5 survivors (5120K)
 Metaspace       used 21383K, committed 21504K, reserved 1114112K
  class space    used 2243K, committed 2304K, reserved 1048576K
}
Event: 3.798 GC heap before
{Heap before GC invocations=5 (full 0):
 garbage-first heap   total 78848K, used 58324K [0x0000000080000000, 0x0000000100000000)
  region size 1024K, 42 young (43008K), 5 survivors (5120K)
 Metaspace       used 22155K, committed 22400K, reserved 1114112K
  class space    used 2318K, committed 2432K, reserved 1048576K
}
Event: 3.812 GC heap after
{Heap after GC invocations=6 (full 0):
 garbage-first heap   total 78848K, used 21856K [0x0000000080000000, 0x0000000100000000)
  region size 1024K, 2 young (2048K), 2 survivors (2048K)
 Metaspace       used 22155K, committed 22400K, reserved 1114112K
  class space    used 2318K, committed 2432K, reserved 1048576K
}
Event: 4.391 GC heap before
{Heap before GC invocations=6 (full 0):
 garbage-first heap   total 78848K, used 52576K [0x0000000080000000, 0x0000000100000000)
  region size 1024K, 32 young (32768K), 2 survivors (2048K)
 Metaspace       used 24584K, committed 24832K, reserved 1114112K
  class space    used 2574K, committed 2688K, reserved 1048576K
}
Event: 4.400 GC heap after
{Heap after GC invocations=7 (full 0):
 garbage-first heap   total 78848K, used 23768K [0x0000000080000000, 0x0000000100000000)
  region size 1024K, 4 young (4096K), 4 survivors (4096K)
 Metaspace       used 24584K, committed 24832K, reserved 1114112K
  class space    used 2574K, committed 2688K, reserved 1048576K
}
Event: 5.489 GC heap before
{Heap before GC invocations=7 (full 0):
 garbage-first heap   total 78848K, used 54488K [0x0000000080000000, 0x0000000100000000)
  region size 1024K, 34 young (34816K), 4 survivors (4096K)
 Metaspace       used 31015K, committed 31488K, reserved 1114112K
  class space    used 3415K, committed 3648K, reserved 1048576K
}
Event: 5.504 GC heap after
{Heap after GC invocations=8 (full 0):
 garbage-first heap   total 78848K, used 26030K [0x0000000080000000, 0x0000000100000000)
  region size 1024K, 5 young (5120K), 5 survivors (5120K)
 Metaspace       used 31015K, committed 31488K, reserved 1114112K
  class space    used 3415K, committed 3648K, reserved 1048576K
}
Event: 6.272 GC heap before
{Heap before GC invocations=8 (full 0):
 garbage-first heap   total 78848K, used 45486K [0x0000000080000000, 0x0000000100000000)
  region size 1024K, 25 young (25600K), 5 survivors (5120K)
 Metaspace       used 35551K, committed 35968K, reserved 1114112K
  class space    used 3883K, committed 4096K, reserved 1048576K
}
Event: 6.289 GC heap after
{Heap after GC invocations=9 (full 0):
 garbage-first heap   total 95232K, used 27587K [0x0000000080000000, 0x0000000100000000)
  region size 1024K, 4 young (4096K), 4 survivors (4096K)
 Metaspace       used 35551K, committed 35968K, reserved 1114112K
  class space    used 3883K, committed 4096K, reserved 1048576K
}
Event: 6.911 GC heap before
{Heap before GC invocations=10 (full 0):
 garbage-first heap   total 95232K, used 68547K [0x0000000080000000, 0x0000000100000000)
  region size 1024K, 44 young (45056K), 4 survivors (4096K)
 Metaspace       used 38651K, committed 39104K, reserved 1114112K
  class space    used 4239K, committed 4480K, reserved 1048576K
}
Event: 6.922 GC heap after
{Heap after GC invocations=11 (full 0):
 garbage-first heap   total 95232K, used 29022K [0x0000000080000000, 0x0000000100000000)
  region size 1024K, 3 young (3072K), 3 survivors (3072K)
 Metaspace       used 38651K, committed 39104K, reserved 1114112K
  class space    used 4239K, committed 4480K, reserved 1048576K
}
Event: 7.292 GC heap before
{Heap before GC invocations=11 (full 0):
 garbage-first heap   total 95232K, used 73054K [0x0000000080000000, 0x0000000100000000)
  region size 1024K, 44 young (45056K), 3 survivors (3072K)
 Metaspace       used 39884K, committed 40384K, reserved 1114112K
  class space    used 4319K, committed 4544K, reserved 1048576K
}
Event: 7.302 GC heap after
{Heap after GC invocations=12 (full 0):
 garbage-first heap   total 95232K, used 29818K [0x0000000080000000, 0x0000000100000000)
  region size 1024K, 4 young (4096K), 4 survivors (4096K)
 Metaspace       used 39884K, committed 40384K, reserved 1114112K
  class space    used 4319K, committed 4544K, reserved 1048576K
}
Event: 7.619 GC heap before
{Heap before GC invocations=12 (full 0):
 garbage-first heap   total 95232K, used 71802K [0x0000000080000000, 0x0000000100000000)
  region size 1024K, 45 young (46080K), 4 survivors (4096K)
 Metaspace       used 40090K, committed 40512K, reserved 1114112K
  class space    used 4333K, committed 4544K, reserved 1048576K
}
Event: 7.631 GC heap after
{Heap after GC invocations=13 (full 0):
 garbage-first heap   total 95232K, used 31146K [0x0000000080000000, 0x0000000100000000)
  region size 1024K, 4 young (4096K), 4 survivors (4096K)
 Metaspace       used 40090K, committed 40512K, reserved 1114112K
  class space    used 4333K, committed 4544K, reserved 1048576K
}
Event: 8.732 GC heap before
{Heap before GC invocations=13 (full 0):
 garbage-first heap   total 95232K, used 73130K [0x0000000080000000, 0x0000000100000000)
  region size 1024K, 45 young (46080K), 4 survivors (4096K)
 Metaspace       used 42461K, committed 43008K, reserved 1114112K
  class space    used 4659K, committed 4928K, reserved 1048576K
}
Event: 8.750 GC heap after
{Heap after GC invocations=14 (full 0):
 garbage-first heap   total 95232K, used 33901K [0x0000000080000000, 0x0000000100000000)
  region size 1024K, 6 young (6144K), 6 survivors (6144K)
 Metaspace       used 42461K, committed 43008K, reserved 1114112K
  class space    used 4659K, committed 4928K, reserved 1048576K
}
Event: 12.187 GC heap before
{Heap before GC invocations=14 (full 0):
 garbage-first heap   total 95232K, used 73837K [0x0000000080000000, 0x0000000100000000)
  region size 1024K, 45 young (46080K), 6 survivors (6144K)
 Metaspace       used 50060K, committed 50624K, reserved 1114112K
  class space    used 5674K, committed 5952K, reserved 1048576K
}
Event: 12.215 GC heap after
{Heap after GC invocations=15 (full 0):
 garbage-first heap   total 114688K, used 37571K [0x0000000080000000, 0x0000000100000000)
  region size 1024K, 6 young (6144K), 6 survivors (6144K)
 Metaspace       used 50060K, committed 50624K, reserved 1114112K
  class space    used 5674K, committed 5952K, reserved 1048576K
}

