# JRE version: OpenJDK Runtime Environment Temurin-17.0.14+7 (17.0.14+7) (build 17.0.14+7)
# Java VM: OpenJDK 64-Bit Server VM Temurin-17.0.14+7 (17.0.14+7, mixed mode, tiered, compressed oops, compressed class ptrs, g1 gc, windows-amd64)
GC Precious Log:
 CPUs: 8 total, 8 available
 Memory: 7926M
 Large Page Support: Disabled
 NUMA Support: Disabled
 Compressed Oops: Enabled (32-bit)
 Heap Region Size: 1M
 Heap Min Capacity: 8M
 Heap Initial Capacity: 124M
 Heap Max Capacity: 2G
 Pre-touch: Disabled
 Parallel Workers: 8
 Concurrent Workers: 2
 Concurrent Refinement Workers: 8
 Periodic GC: Disabled
Heap:
 garbage-first heap   total 114688K, used 56327K [0x0000000080000000, 0x0000000100000000)
  region size 1024K, 26 young (26624K), 7 survivors (7168K)
 Metaspace       used 54510K, committed 55104K, reserved 1114112K
  class space    used 6431K, committed 6720K, reserved 1048576K
GC Heap History (20 events):
Event: 3.139 GC heap before
{Heap before GC invocations=3 (full 0):
 garbage-first heap   total 126976K, used 36312K [0x0000000080000000, 0x0000000100000000)
  region size 1024K, 22 young (22528K), 5 survivors (5120K)
 Metaspace       used 21372K, committed 21504K, reserved 1114112K
  class space    used 2245K, committed 2304K, reserved 1048576K
}
Event: 3.149 GC heap after
{Heap after GC invocations=4 (full 0):
 garbage-first heap   total 126976K, used 21428K [0x0000000080000000, 0x0000000100000000)
  region size 1024K, 5 young (5120K), 5 survivors (5120K)
 Metaspace       used 21372K, committed 21504K, reserved 1114112K
  class space    used 2245K, committed 2304K, reserved 1048576K
}
Event: 3.590 GC heap before
{Heap before GC invocations=5 (full 0):
 garbage-first heap   total 78848K, used 59316K [0x0000000080000000, 0x0000000100000000)
  region size 1024K, 43 young (44032K), 5 survivors (5120K)
 Metaspace       used 22131K, committed 22336K, reserved 1114112K
  class space    used 2316K, committed 2432K, reserved 1048576K
}
Event: 3.602 GC heap after
{Heap after GC invocations=6 (full 0):
 garbage-first heap   total 78848K, used 22020K [0x0000000080000000, 0x0000000100000000)
  region size 1024K, 2 young (2048K), 2 survivors (2048K)
 Metaspace       used 22131K, committed 22336K, reserved 1114112K
  class space    used 2316K, committed 2432K, reserved 1048576K
}
Event: 4.229 GC heap before
{Heap before GC invocations=6 (full 0):
 garbage-first heap   total 78848K, used 52740K [0x0000000080000000, 0x0000000100000000)
  region size 1024K, 32 young (32768K), 2 survivors (2048K)
 Metaspace       used 24717K, committed 25024K, reserved 1114112K
  class space    used 2597K, committed 2752K, reserved 1048576K
}
Event: 4.236 GC heap after
{Heap after GC invocations=7 (full 0):
 garbage-first heap   total 95232K, used 23525K [0x0000000080000000, 0x0000000100000000)
  region size 1024K, 4 young (4096K), 4 survivors (4096K)
 Metaspace       used 24717K, committed 25024K, reserved 1114112K
  class space    used 2597K, committed 2752K, reserved 1048576K
}
Event: 5.724 GC heap before
{Heap before GC invocations=7 (full 0):
 garbage-first heap   total 95232K, used 64485K [0x0000000080000000, 0x0000000100000000)
  region size 1024K, 44 young (45056K), 4 survivors (4096K)
 Metaspace       used 33515K, committed 33920K, reserved 1114112K
  class space    used 3703K, committed 3904K, reserved 1048576K
}
Event: 5.740 GC heap after
{Heap after GC invocations=8 (full 0):
 garbage-first heap   total 95232K, used 26997K [0x0000000080000000, 0x0000000100000000)
  region size 1024K, 6 young (6144K), 6 survivors (6144K)
 Metaspace       used 33515K, committed 33920K, reserved 1114112K
  class space    used 3703K, committed 3904K, reserved 1048576K
}
Event: 6.019 GC heap before
{Heap before GC invocations=8 (full 0):
 garbage-first heap   total 95232K, used 35189K [0x0000000080000000, 0x0000000100000000)
  region size 1024K, 15 young (15360K), 6 survivors (6144K)
 Metaspace       used 35596K, committed 35968K, reserved 1114112K
  class space    used 3890K, committed 4096K, reserved 1048576K
}
Event: 6.033 GC heap after
{Heap after GC invocations=9 (full 0):
 garbage-first heap   total 95232K, used 27721K [0x0000000080000000, 0x0000000100000000)
  region size 1024K, 1 young (1024K), 1 survivors (1024K)
 Metaspace       used 35596K, committed 35968K, reserved 1114112K
  class space    used 3890K, committed 4096K, reserved 1048576K
}
Event: 6.796 GC heap before
{Heap before GC invocations=10 (full 0):
 garbage-first heap   total 95232K, used 70729K [0x0000000080000000, 0x0000000100000000)
  region size 1024K, 43 young (44032K), 1 survivors (1024K)
 Metaspace       used 38675K, committed 39104K, reserved 1114112K
  class space    used 4241K, committed 4480K, reserved 1048576K
}
Event: 6.801 GC heap after
{Heap after GC invocations=11 (full 0):
 garbage-first heap   total 95232K, used 28938K [0x0000000080000000, 0x0000000100000000)
  region size 1024K, 3 young (3072K), 3 survivors (3072K)
 Metaspace       used 38675K, committed 39104K, reserved 1114112K
  class space    used 4241K, committed 4480K, reserved 1048576K
}
Event: 7.094 GC heap before
{Heap before GC invocations=11 (full 0):
 garbage-first heap   total 95232K, used 75018K [0x0000000080000000, 0x0000000100000000)
  region size 1024K, 45 young (46080K), 3 survivors (3072K)
 Metaspace       used 39880K, committed 40320K, reserved 1114112K
  class space    used 4321K, committed 4544K, reserved 1048576K
}
Event: 7.100 GC heap after
{Heap after GC invocations=12 (full 0):
 garbage-first heap   total 95232K, used 29338K [0x0000000080000000, 0x0000000100000000)
  region size 1024K, 3 young (3072K), 3 survivors (3072K)
 Metaspace       used 39880K, committed 40320K, reserved 1114112K
  class space    used 4321K, committed 4544K, reserved 1048576K
}
Event: 7.366 GC heap before
{Heap before GC invocations=12 (full 0):
 garbage-first heap   total 95232K, used 74394K [0x0000000080000000, 0x0000000100000000)
  region size 1024K, 47 young (48128K), 3 survivors (3072K)
 Metaspace       used 40084K, committed 40576K, reserved 1114112K
  class space    used 4334K, committed 4544K, reserved 1048576K
}
Event: 7.376 GC heap after
{Heap after GC invocations=13 (full 0):
 garbage-first heap   total 95232K, used 30724K [0x0000000080000000, 0x0000000100000000)
  region size 1024K, 4 young (4096K), 4 survivors (4096K)
 Metaspace       used 40084K, committed 40576K, reserved 1114112K
  class space    used 4334K, committed 4544K, reserved 1048576K
}
Event: 8.343 GC heap before
{Heap before GC invocations=13 (full 0):
 garbage-first heap   total 95232K, used 75780K [0x0000000080000000, 0x0000000100000000)
  region size 1024K, 48 young (49152K), 4 survivors (4096K)
 Metaspace       used 44100K, committed 44608K, reserved 1114112K
  class space    used 4875K, committed 5120K, reserved 1048576K
}
Event: 8.358 GC heap after
{Heap after GC invocations=14 (full 0):
 garbage-first heap   total 114688K, used 34139K [0x0000000080000000, 0x0000000100000000)
  region size 1024K, 6 young (6144K), 6 survivors (6144K)
 Metaspace       used 44100K, committed 44608K, reserved 1114112K
  class space    used 4875K, committed 5120K, reserved 1048576K
}
Event: 12.241 GC heap before
{Heap before GC invocations=14 (full 0):
 garbage-first heap   total 114688K, used 90459K [0x0000000080000000, 0x0000000100000000)
  region size 1024K, 62 young (63488K), 6 survivors (6144K)
 Metaspace       used 53270K, committed 53824K, reserved 1114112K
  class space    used 6258K, committed 6528K, reserved 1048576K
}
Event: 12.269 GC heap after
{Heap after GC invocations=15 (full 0):
 garbage-first heap   total 114688K, used 37895K [0x0000000080000000, 0x0000000100000000)
  region size 1024K, 7 young (7168K), 7 survivors (7168K)
 Metaspace       used 53270K, committed 53824K, reserved 1114112K
  class space    used 6258K, committed 6528K, reserved 1048576K
}

