# JRE version: OpenJDK Runtime Environment Temurin-17.0.14+7 (17.0.14+7) (build 17.0.14+7)
# Java VM: OpenJDK 64-Bit Server VM Temurin-17.0.14+7 (17.0.14+7, mixed mode, tiered, compressed oops, compressed class ptrs, g1 gc, windows-amd64)
GC Precious Log:
 CPUs: 8 total, 8 available
 Memory: 7926M
 Large Page Support: Disabled
 NUMA Support: Disabled
 Compressed Oops: Enabled (32-bit)
 Heap Region Size: 1M
 Heap Min Capacity: 8M
 Heap Initial Capacity: 124M
 Heap Max Capacity: 2G
 Pre-touch: Disabled
 Parallel Workers: 8
 Concurrent Workers: 2
 Concurrent Refinement Workers: 8
 Periodic GC: Disabled
Heap:
 garbage-first heap   total 114688K, used 42661K [0x0000000080000000, 0x0000000100000000)
  region size 1024K, 6 young (6144K), 2 survivors (2048K)
 Metaspace       used 54925K, committed 55552K, reserved 1114112K
  class space    used 6453K, committed 6784K, reserved 1048576K
GC Heap History (20 events):
Event: 5.820 GC heap before
{Heap before GC invocations=5 (full 0):
 garbage-first heap   total 78848K, used 59621K [0x0000000080000000, 0x0000000100000000)
  region size 1024K, 43 young (44032K), 5 survivors (5120K)
 Metaspace       used 22130K, committed 22336K, reserved 1114112K
  class space    used 2314K, committed 2432K, reserved 1048576K
}
Event: 5.836 GC heap after
{Heap after GC invocations=6 (full 0):
 garbage-first heap   total 78848K, used 22632K [0x0000000080000000, 0x0000000100000000)
  region size 1024K, 3 young (3072K), 3 survivors (3072K)
 Metaspace       used 22130K, committed 22336K, reserved 1114112K
  class space    used 2314K, committed 2432K, reserved 1048576K
}
Event: 6.805 GC heap before
{Heap before GC invocations=6 (full 0):
 garbage-first heap   total 78848K, used 52328K [0x0000000080000000, 0x0000000100000000)
  region size 1024K, 32 young (32768K), 3 survivors (3072K)
 Metaspace       used 24639K, committed 24960K, reserved 1114112K
  class space    used 2579K, committed 2752K, reserved 1048576K
}
Event: 6.817 GC heap after
{Heap after GC invocations=7 (full 0):
 garbage-first heap   total 78848K, used 23992K [0x0000000080000000, 0x0000000100000000)
  region size 1024K, 4 young (4096K), 4 survivors (4096K)
 Metaspace       used 24639K, committed 24960K, reserved 1114112K
  class space    used 2579K, committed 2752K, reserved 1048576K
}
Event: 8.511 GC heap before
{Heap before GC invocations=7 (full 0):
 garbage-first heap   total 78848K, used 54712K [0x0000000080000000, 0x0000000100000000)
  region size 1024K, 34 young (34816K), 4 survivors (4096K)
 Metaspace       used 31181K, committed 31616K, reserved 1114112K
  class space    used 3431K, committed 3648K, reserved 1048576K
}
Event: 8.530 GC heap after
{Heap after GC invocations=8 (full 0):
 garbage-first heap   total 78848K, used 26509K [0x0000000080000000, 0x0000000100000000)
  region size 1024K, 5 young (5120K), 5 survivors (5120K)
 Metaspace       used 31181K, committed 31616K, reserved 1114112K
  class space    used 3431K, committed 3648K, reserved 1048576K
}
Event: 9.584 GC heap before
{Heap before GC invocations=8 (full 0):
 garbage-first heap   total 78848K, used 43917K [0x0000000080000000, 0x0000000100000000)
  region size 1024K, 23 young (23552K), 5 survivors (5120K)
 Metaspace       used 35553K, committed 35968K, reserved 1114112K
  class space    used 3883K, committed 4096K, reserved 1048576K
}
Event: 9.604 GC heap after
{Heap after GC invocations=9 (full 0):
 garbage-first heap   total 95232K, used 28118K [0x0000000080000000, 0x0000000100000000)
  region size 1024K, 4 young (4096K), 4 survivors (4096K)
 Metaspace       used 35553K, committed 35968K, reserved 1114112K
  class space    used 3883K, committed 4096K, reserved 1048576K
}
Event: 10.610 GC heap before
{Heap before GC invocations=10 (full 0):
 garbage-first heap   total 95232K, used 69078K [0x0000000080000000, 0x0000000100000000)
  region size 1024K, 44 young (45056K), 4 survivors (4096K)
 Metaspace       used 38695K, committed 39168K, reserved 1114112K
  class space    used 4242K, committed 4480K, reserved 1048576K
}
Event: 10.625 GC heap after
{Heap after GC invocations=11 (full 0):
 garbage-first heap   total 95232K, used 29560K [0x0000000080000000, 0x0000000100000000)
  region size 1024K, 3 young (3072K), 3 survivors (3072K)
 Metaspace       used 38695K, committed 39168K, reserved 1114112K
  class space    used 4242K, committed 4480K, reserved 1048576K
}
Event: 10.989 GC heap before
{Heap before GC invocations=11 (full 0):
 garbage-first heap   total 95232K, used 74616K [0x0000000080000000, 0x0000000100000000)
  region size 1024K, 45 young (46080K), 3 survivors (3072K)
 Metaspace       used 39926K, committed 40384K, reserved 1114112K
  class space    used 4323K, committed 4544K, reserved 1048576K
}
Event: 10.999 GC heap after
{Heap after GC invocations=12 (full 0):
 garbage-first heap   total 95232K, used 30343K [0x0000000080000000, 0x0000000100000000)
  region size 1024K, 4 young (4096K), 4 survivors (4096K)
 Metaspace       used 39926K, committed 40384K, reserved 1114112K
  class space    used 4323K, committed 4544K, reserved 1048576K
}
Event: 11.382 GC heap before
{Heap before GC invocations=12 (full 0):
 garbage-first heap   total 95232K, used 72327K [0x0000000080000000, 0x0000000100000000)
  region size 1024K, 45 young (46080K), 4 survivors (4096K)
 Metaspace       used 40121K, committed 40576K, reserved 1114112K
  class space    used 4336K, committed 4544K, reserved 1048576K
}
Event: 11.396 GC heap after
{Heap after GC invocations=13 (full 0):
 garbage-first heap   total 95232K, used 31558K [0x0000000080000000, 0x0000000100000000)
  region size 1024K, 4 young (4096K), 4 survivors (4096K)
 Metaspace       used 40121K, committed 40576K, reserved 1114112K
  class space    used 4336K, committed 4544K, reserved 1048576K
}
Event: 12.180 GC heap before
{Heap before GC invocations=13 (full 0):
 garbage-first heap   total 95232K, used 73542K [0x0000000080000000, 0x0000000100000000)
  region size 1024K, 45 young (46080K), 4 survivors (4096K)
 Metaspace       used 42600K, committed 43136K, reserved 1114112K
  class space    used 4668K, committed 4928K, reserved 1048576K
}
Event: 12.200 GC heap after
{Heap after GC invocations=14 (full 0):
 garbage-first heap   total 95232K, used 34675K [0x0000000080000000, 0x0000000100000000)
  region size 1024K, 6 young (6144K), 6 survivors (6144K)
 Metaspace       used 42600K, committed 43136K, reserved 1114112K
  class space    used 4668K, committed 4928K, reserved 1048576K
}
Event: 17.745 GC heap before
{Heap before GC invocations=14 (full 0):
 garbage-first heap   total 95232K, used 73587K [0x0000000080000000, 0x0000000100000000)
  region size 1024K, 45 young (46080K), 6 survivors (6144K)
 Metaspace       used 50061K, committed 50688K, reserved 1114112K
  class space    used 5673K, committed 5952K, reserved 1048576K
}
Event: 17.776 GC heap after
{Heap after GC invocations=15 (full 0):
 garbage-first heap   total 114688K, used 38358K [0x0000000080000000, 0x0000000100000000)
  region size 1024K, 4 young (4096K), 4 survivors (4096K)
 Metaspace       used 50061K, committed 50688K, reserved 1114112K
  class space    used 5673K, committed 5952K, reserved 1048576K
}
Event: 126.693 GC heap before
{Heap before GC invocations=15 (full 0):
 garbage-first heap   total 114688K, used 86486K [0x0000000080000000, 0x0000000100000000)
  region size 1024K, 52 young (53248K), 4 survivors (4096K)
 Metaspace       used 54844K, committed 55488K, reserved 1114112K
  class space    used 6453K, committed 6784K, reserved 1048576K
}
Event: 126.819 GC heap after
{Heap after GC invocations=16 (full 0):
 garbage-first heap   total 114688K, used 39589K [0x0000000080000000, 0x0000000100000000)
  region size 1024K, 2 young (2048K), 2 survivors (2048K)
 Metaspace       used 54844K, committed 55488K, reserved 1114112K
  class space    used 6453K, committed 6784K, reserved 1048576K
}

